2015/02/04 03:03:39 [error] [php] Undefined offset: 0 (/home/evg/public_html/yii.loc/protected/controllers/UploadsController.php:100)
Stack trace:
#0 /home/evg/public_html/yii.loc/framework/web/filters/CFilterChain.php(133): UploadsController->runAction()
#1 /home/evg/public_html/yii.loc/framework/web/filters/CFilter.php(40): CFilterChain->run()
#2 /home/evg/public_html/yii.loc/framework/web/CController.php(1145): CAccessControlFilter->filter()
#3 /home/evg/public_html/yii.loc/framework/web/filters/CInlineFilter.php(58): UploadsController->filterAccessControl()
#4 /home/evg/public_html/yii.loc/framework/web/filters/CFilterChain.php(130): CInlineFilter->filter()
#5 /home/evg/public_html/yii.loc/framework/web/CController.php(291): CFilterChain->run()
#6 /home/evg/public_html/yii.loc/framework/web/CController.php(265): UploadsController->runActionWithFilters()
#7 /home/evg/public_html/yii.loc/framework/web/CWebApplication.php(282): UploadsController->run()
#8 /home/evg/public_html/yii.loc/framework/web/CWebApplication.php(141): CWebApplication->runController()
#9 /home/evg/public_html/yii.loc/framework/base/CApplication.php(180): CWebApplication->processRequest()
#10 /home/evg/public_html/yii.loc/index.php(13): CWebApplication->run()
REQUEST_URI=/index.php/uploads/FileProcesing/f0/Onlinetrade/f1/DiscountFoto
in /home/evg/public_html/yii.loc/protected/controllers/UploadsController.php (100)
in /home/evg/public_html/yii.loc/index.php (13)
2015/02/04 03:03:40 [error] [php] Undefined offset: 0 (/home/evg/public_html/yii.loc/protected/controllers/UploadsController.php:100)
Stack trace:
#0 /home/evg/public_html/yii.loc/framework/web/filters/CFilterChain.php(133): UploadsController->runAction()
#1 /home/evg/public_html/yii.loc/framework/web/filters/CFilter.php(40): CFilterChain->run()
#2 /home/evg/public_html/yii.loc/framework/web/CController.php(1145): CAccessControlFilter->filter()
#3 /home/evg/public_html/yii.loc/framework/web/filters/CInlineFilter.php(58): UploadsController->filterAccessControl()
#4 /home/evg/public_html/yii.loc/framework/web/filters/CFilterChain.php(130): CInlineFilter->filter()
#5 /home/evg/public_html/yii.loc/framework/web/CController.php(291): CFilterChain->run()
#6 /home/evg/public_html/yii.loc/framework/web/CController.php(265): UploadsController->runActionWithFilters()
#7 /home/evg/public_html/yii.loc/framework/web/CWebApplication.php(282): UploadsController->run()
#8 /home/evg/public_html/yii.loc/framework/web/CWebApplication.php(141): CWebApplication->runController()
#9 /home/evg/public_html/yii.loc/framework/base/CApplication.php(180): CWebApplication->processRequest()
#10 /home/evg/public_html/yii.loc/index.php(13): CWebApplication->run()
REQUEST_URI=/index.php/uploads/FileProcesing/f0/Onlinetrade/f1/DiscountFoto
in /home/evg/public_html/yii.loc/protected/controllers/UploadsController.php (100)
in /home/evg/public_html/yii.loc/index.php (13)
2015/02/04 03:03:41 [error] [php] Undefined offset: 0 (/home/evg/public_html/yii.loc/protected/controllers/UploadsController.php:100)
Stack trace:
#0 /home/evg/public_html/yii.loc/framework/web/filters/CFilterChain.php(133): UploadsController->runAction()
#1 /home/evg/public_html/yii.loc/framework/web/filters/CFilter.php(40): CFilterChain->run()
#2 /home/evg/public_html/yii.loc/framework/web/CController.php(1145): CAccessControlFilter->filter()
#3 /home/evg/public_html/yii.loc/framework/web/filters/CInlineFilter.php(58): UploadsController->filterAccessControl()
#4 /home/evg/public_html/yii.loc/framework/web/filters/CFilterChain.php(130): CInlineFilter->filter()
#5 /home/evg/public_html/yii.loc/framework/web/CController.php(291): CFilterChain->run()
#6 /home/evg/public_html/yii.loc/framework/web/CController.php(265): UploadsController->runActionWithFilters()
#7 /home/evg/public_html/yii.loc/framework/web/CWebApplication.php(282): UploadsController->run()
#8 /home/evg/public_html/yii.loc/framework/web/CWebApplication.php(141): CWebApplication->runController()
#9 /home/evg/public_html/yii.loc/framework/base/CApplication.php(180): CWebApplication->processRequest()
#10 /home/evg/public_html/yii.loc/index.php(13): CWebApplication->run()
REQUEST_URI=/index.php/uploads/FileProcesing/f0/Onlinetrade/f1/DiscountFoto
in /home/evg/public_html/yii.loc/protected/controllers/UploadsController.php (100)
in /home/evg/public_html/yii.loc/index.php (13)
2015/02/04 03:03:42 [error] [php] Undefined offset: 0 (/home/evg/public_html/yii.loc/protected/controllers/UploadsController.php:100)
Stack trace:
#0 /home/evg/public_html/yii.loc/framework/web/filters/CFilterChain.php(133): UploadsController->runAction()
#1 /home/evg/public_html/yii.loc/framework/web/filters/CFilter.php(40): CFilterChain->run()
#2 /home/evg/public_html/yii.loc/framework/web/CController.php(1145): CAccessControlFilter->filter()
#3 /home/evg/public_html/yii.loc/framework/web/filters/CInlineFilter.php(58): UploadsController->filterAccessControl()
#4 /home/evg/public_html/yii.loc/framework/web/filters/CFilterChain.php(130): CInlineFilter->filter()
#5 /home/evg/public_html/yii.loc/framework/web/CController.php(291): CFilterChain->run()
#6 /home/evg/public_html/yii.loc/framework/web/CController.php(265): UploadsController->runActionWithFilters()
#7 /home/evg/public_html/yii.loc/framework/web/CWebApplication.php(282): UploadsController->run()
#8 /home/evg/public_html/yii.loc/framework/web/CWebApplication.php(141): CWebApplication->runController()
#9 /home/evg/public_html/yii.loc/framework/base/CApplication.php(180): CWebApplication->processRequest()
#10 /home/evg/public_html/yii.loc/index.php(13): CWebApplication->run()
REQUEST_URI=/index.php/uploads/FileProcesing/f0/Onlinetrade/f1/DiscountFoto
in /home/evg/public_html/yii.loc/protected/controllers/UploadsController.php (100)
in /home/evg/public_html/yii.loc/index.php (13)
2015/02/04 03:03:43 [error] [php] Undefined offset: 0 (/home/evg/public_html/yii.loc/protected/controllers/UploadsController.php:100)
Stack trace:
#0 /home/evg/public_html/yii.loc/framework/web/filters/CFilterChain.php(133): UploadsController->runAction()
#1 /home/evg/public_html/yii.loc/framework/web/filters/CFilter.php(40): CFilterChain->run()
#2 /home/evg/public_html/yii.loc/framework/web/CController.php(1145): CAccessControlFilter->filter()
#3 /home/evg/public_html/yii.loc/framework/web/filters/CInlineFilter.php(58): UploadsController->filterAccessControl()
#4 /home/evg/public_html/yii.loc/framework/web/filters/CFilterChain.php(130): CInlineFilter->filter()
#5 /home/evg/public_html/yii.loc/framework/web/CController.php(291): CFilterChain->run()
#6 /home/evg/public_html/yii.loc/framework/web/CController.php(265): UploadsController->runActionWithFilters()
#7 /home/evg/public_html/yii.loc/framework/web/CWebApplication.php(282): UploadsController->run()
#8 /home/evg/public_html/yii.loc/framework/web/CWebApplication.php(141): CWebApplication->runController()
#9 /home/evg/public_html/yii.loc/framework/base/CApplication.php(180): CWebApplication->processRequest()
#10 /home/evg/public_html/yii.loc/index.php(13): CWebApplication->run()
REQUEST_URI=/index.php/uploads/FileProcesing/f0/Onlinetrade/f1/DiscountFoto
in /home/evg/public_html/yii.loc/protected/controllers/UploadsController.php (100)
in /home/evg/public_html/yii.loc/index.php (13)
2015/02/04 03:03:44 [error] [php] Undefined offset: 0 (/home/evg/public_html/yii.loc/protected/controllers/UploadsController.php:100)
Stack trace:
#0 /home/evg/public_html/yii.loc/framework/web/filters/CFilterChain.php(133): UploadsController->runAction()
#1 /home/evg/public_html/yii.loc/framework/web/filters/CFilter.php(40): CFilterChain->run()
#2 /home/evg/public_html/yii.loc/framework/web/CController.php(1145): CAccessControlFilter->filter()
#3 /home/evg/public_html/yii.loc/framework/web/filters/CInlineFilter.php(58): UploadsController->filterAccessControl()
#4 /home/evg/public_html/yii.loc/framework/web/filters/CFilterChain.php(130): CInlineFilter->filter()
#5 /home/evg/public_html/yii.loc/framework/web/CController.php(291): CFilterChain->run()
#6 /home/evg/public_html/yii.loc/framework/web/CController.php(265): UploadsController->runActionWithFilters()
#7 /home/evg/public_html/yii.loc/framework/web/CWebApplication.php(282): UploadsController->run()
#8 /home/evg/public_html/yii.loc/framework/web/CWebApplication.php(141): CWebApplication->runController()
#9 /home/evg/public_html/yii.loc/framework/base/CApplication.php(180): CWebApplication->processRequest()
#10 /home/evg/public_html/yii.loc/index.php(13): CWebApplication->run()
REQUEST_URI=/index.php/uploads/FileProcesing/f0/Onlinetrade/f1/DiscountFoto
in /home/evg/public_html/yii.loc/protected/controllers/UploadsController.php (100)
in /home/evg/public_html/yii.loc/index.php (13)
2015/02/04 03:03:45 [error] [php] Undefined offset: 0 (/home/evg/public_html/yii.loc/protected/controllers/UploadsController.php:100)
Stack trace:
#0 /home/evg/public_html/yii.loc/framework/web/filters/CFilterChain.php(133): UploadsController->runAction()
#1 /home/evg/public_html/yii.loc/framework/web/filters/CFilter.php(40): CFilterChain->run()
#2 /home/evg/public_html/yii.loc/framework/web/CController.php(1145): CAccessControlFilter->filter()
#3 /home/evg/public_html/yii.loc/framework/web/filters/CInlineFilter.php(58): UploadsController->filterAccessControl()
#4 /home/evg/public_html/yii.loc/framework/web/filters/CFilterChain.php(130): CInlineFilter->filter()
#5 /home/evg/public_html/yii.loc/framework/web/CController.php(291): CFilterChain->run()
#6 /home/evg/public_html/yii.loc/framework/web/CController.php(265): UploadsController->runActionWithFilters()
#7 /home/evg/public_html/yii.loc/framework/web/CWebApplication.php(282): UploadsController->run()
#8 /home/evg/public_html/yii.loc/framework/web/CWebApplication.php(141): CWebApplication->runController()
#9 /home/evg/public_html/yii.loc/framework/base/CApplication.php(180): CWebApplication->processRequest()
#10 /home/evg/public_html/yii.loc/index.php(13): CWebApplication->run()
REQUEST_URI=/index.php/uploads/FileProcesing/f0/Onlinetrade/f1/DiscountFoto
in /home/evg/public_html/yii.loc/protected/controllers/UploadsController.php (100)
in /home/evg/public_html/yii.loc/index.php (13)
2015/02/04 03:03:46 [error] [php] Undefined offset: 0 (/home/evg/public_html/yii.loc/protected/controllers/UploadsController.php:100)
Stack trace:
#0 /home/evg/public_html/yii.loc/framework/web/filters/CFilterChain.php(133): UploadsController->runAction()
#1 /home/evg/public_html/yii.loc/framework/web/filters/CFilter.php(40): CFilterChain->run()
#2 /home/evg/public_html/yii.loc/framework/web/CController.php(1145): CAccessControlFilter->filter()
#3 /home/evg/public_html/yii.loc/framework/web/filters/CInlineFilter.php(58): UploadsController->filterAccessControl()
#4 /home/evg/public_html/yii.loc/framework/web/filters/CFilterChain.php(130): CInlineFilter->filter()
#5 /home/evg/public_html/yii.loc/framework/web/CController.php(291): CFilterChain->run()
#6 /home/evg/public_html/yii.loc/framework/web/CController.php(265): UploadsController->runActionWithFilters()
#7 /home/evg/public_html/yii.loc/framework/web/CWebApplication.php(282): UploadsController->run()
#8 /home/evg/public_html/yii.loc/framework/web/CWebApplication.php(141): CWebApplication->runController()
#9 /home/evg/public_html/yii.loc/framework/base/CApplication.php(180): CWebApplication->processRequest()
#10 /home/evg/public_html/yii.loc/index.php(13): CWebApplication->run()
REQUEST_URI=/index.php/uploads/FileProcesing/f0/Onlinetrade/f1/DiscountFoto
in /home/evg/public_html/yii.loc/protected/controllers/UploadsController.php (100)
in /home/evg/public_html/yii.loc/index.php (13)
2015/02/04 03:03:47 [error] [php] Undefined offset: 0 (/home/evg/public_html/yii.loc/protected/controllers/UploadsController.php:100)
Stack trace:
#0 /home/evg/public_html/yii.loc/framework/web/filters/CFilterChain.php(133): UploadsController->runAction()
#1 /home/evg/public_html/yii.loc/framework/web/filters/CFilter.php(40): CFilterChain->run()
#2 /home/evg/public_html/yii.loc/framework/web/CController.php(1145): CAccessControlFilter->filter()
#3 /home/evg/public_html/yii.loc/framework/web/filters/CInlineFilter.php(58): UploadsController->filterAccessControl()
#4 /home/evg/public_html/yii.loc/framework/web/filters/CFilterChain.php(130): CInlineFilter->filter()
#5 /home/evg/public_html/yii.loc/framework/web/CController.php(291): CFilterChain->run()
#6 /home/evg/public_html/yii.loc/framework/web/CController.php(265): UploadsController->runActionWithFilters()
#7 /home/evg/public_html/yii.loc/framework/web/CWebApplication.php(282): UploadsController->run()
#8 /home/evg/public_html/yii.loc/framework/web/CWebApplication.php(141): CWebApplication->runController()
#9 /home/evg/public_html/yii.loc/framework/base/CApplication.php(180): CWebApplication->processRequest()
#10 /home/evg/public_html/yii.loc/index.php(13): CWebApplication->run()
REQUEST_URI=/index.php/uploads/FileProcesing/f0/Onlinetrade/f1/DiscountFoto
in /home/evg/public_html/yii.loc/protected/controllers/UploadsController.php (100)
in /home/evg/public_html/yii.loc/index.php (13)
2015/02/04 03:03:48 [error] [php] Undefined offset: 0 (/home/evg/public_html/yii.loc/protected/controllers/UploadsController.php:100)
Stack trace:
#0 /home/evg/public_html/yii.loc/framework/web/filters/CFilterChain.php(133): UploadsController->runAction()
#1 /home/evg/public_html/yii.loc/framework/web/filters/CFilter.php(40): CFilterChain->run()
#2 /home/evg/public_html/yii.loc/framework/web/CController.php(1145): CAccessControlFilter->filter()
#3 /home/evg/public_html/yii.loc/framework/web/filters/CInlineFilter.php(58): UploadsController->filterAccessControl()
#4 /home/evg/public_html/yii.loc/framework/web/filters/CFilterChain.php(130): CInlineFilter->filter()
#5 /home/evg/public_html/yii.loc/framework/web/CController.php(291): CFilterChain->run()
#6 /home/evg/public_html/yii.loc/framework/web/CController.php(265): UploadsController->runActionWithFilters()
#7 /home/evg/public_html/yii.loc/framework/web/CWebApplication.php(282): UploadsController->run()
#8 /home/evg/public_html/yii.loc/framework/web/CWebApplication.php(141): CWebApplication->runController()
#9 /home/evg/public_html/yii.loc/framework/base/CApplication.php(180): CWebApplication->processRequest()
#10 /home/evg/public_html/yii.loc/index.php(13): CWebApplication->run()
REQUEST_URI=/index.php/uploads/FileProcesing/f0/Onlinetrade/f1/DiscountFoto
in /home/evg/public_html/yii.loc/protected/controllers/UploadsController.php (100)
in /home/evg/public_html/yii.loc/index.php (13)
2015/02/04 03:03:49 [error] [php] Undefined offset: 0 (/home/evg/public_html/yii.loc/protected/controllers/UploadsController.php:100)
Stack trace:
#0 /home/evg/public_html/yii.loc/framework/web/filters/CFilterChain.php(133): UploadsController->runAction()
#1 /home/evg/public_html/yii.loc/framework/web/filters/CFilter.php(40): CFilterChain->run()
#2 /home/evg/public_html/yii.loc/framework/web/CController.php(1145): CAccessControlFilter->filter()
#3 /home/evg/public_html/yii.loc/framework/web/filters/CInlineFilter.php(58): UploadsController->filterAccessControl()
#4 /home/evg/public_html/yii.loc/framework/web/filters/CFilterChain.php(130): CInlineFilter->filter()
#5 /home/evg/public_html/yii.loc/framework/web/CController.php(291): CFilterChain->run()
#6 /home/evg/public_html/yii.loc/framework/web/CController.php(265): UploadsController->runActionWithFilters()
#7 /home/evg/public_html/yii.loc/framework/web/CWebApplication.php(282): UploadsController->run()
#8 /home/evg/public_html/yii.loc/framework/web/CWebApplication.php(141): CWebApplication->runController()
#9 /home/evg/public_html/yii.loc/framework/base/CApplication.php(180): CWebApplication->processRequest()
#10 /home/evg/public_html/yii.loc/index.php(13): CWebApplication->run()
REQUEST_URI=/index.php/uploads/FileProcesing/f0/Onlinetrade/f1/DiscountFoto
in /home/evg/public_html/yii.loc/protected/controllers/UploadsController.php (100)
in /home/evg/public_html/yii.loc/index.php (13)
2015/02/04 03:03:50 [error] [php] Undefined offset: 0 (/home/evg/public_html/yii.loc/protected/controllers/UploadsController.php:100)
Stack trace:
#0 /home/evg/public_html/yii.loc/framework/web/filters/CFilterChain.php(133): UploadsController->runAction()
#1 /home/evg/public_html/yii.loc/framework/web/filters/CFilter.php(40): CFilterChain->run()
#2 /home/evg/public_html/yii.loc/framework/web/CController.php(1145): CAccessControlFilter->filter()
#3 /home/evg/public_html/yii.loc/framework/web/filters/CInlineFilter.php(58): UploadsController->filterAccessControl()
#4 /home/evg/public_html/yii.loc/framework/web/filters/CFilterChain.php(130): CInlineFilter->filter()
#5 /home/evg/public_html/yii.loc/framework/web/CController.php(291): CFilterChain->run()
#6 /home/evg/public_html/yii.loc/framework/web/CController.php(265): UploadsController->runActionWithFilters()
#7 /home/evg/public_html/yii.loc/framework/web/CWebApplication.php(282): UploadsController->run()
#8 /home/evg/public_html/yii.loc/framework/web/CWebApplication.php(141): CWebApplication->runController()
#9 /home/evg/public_html/yii.loc/framework/base/CApplication.php(180): CWebApplication->processRequest()
#10 /home/evg/public_html/yii.loc/index.php(13): CWebApplication->run()
REQUEST_URI=/index.php/uploads/FileProcesing/f0/Onlinetrade/f1/DiscountFoto
in /home/evg/public_html/yii.loc/protected/controllers/UploadsController.php (100)
in /home/evg/public_html/yii.loc/index.php (13)
2015/02/04 03:03:51 [error] [php] Undefined offset: 0 (/home/evg/public_html/yii.loc/protected/controllers/UploadsController.php:100)
Stack trace:
#0 /home/evg/public_html/yii.loc/framework/web/filters/CFilterChain.php(133): UploadsController->runAction()
#1 /home/evg/public_html/yii.loc/framework/web/filters/CFilter.php(40): CFilterChain->run()
#2 /home/evg/public_html/yii.loc/framework/web/CController.php(1145): CAccessControlFilter->filter()
#3 /home/evg/public_html/yii.loc/framework/web/filters/CInlineFilter.php(58): UploadsController->filterAccessControl()
#4 /home/evg/public_html/yii.loc/framework/web/filters/CFilterChain.php(130): CInlineFilter->filter()
#5 /home/evg/public_html/yii.loc/framework/web/CController.php(291): CFilterChain->run()
#6 /home/evg/public_html/yii.loc/framework/web/CController.php(265): UploadsController->runActionWithFilters()
#7 /home/evg/public_html/yii.loc/framework/web/CWebApplication.php(282): UploadsController->run()
#8 /home/evg/public_html/yii.loc/framework/web/CWebApplication.php(141): CWebApplication->runController()
#9 /home/evg/public_html/yii.loc/framework/base/CApplication.php(180): CWebApplication->processRequest()
#10 /home/evg/public_html/yii.loc/index.php(13): CWebApplication->run()
REQUEST_URI=/index.php/uploads/FileProcesing/f0/Onlinetrade/f1/DiscountFoto
in /home/evg/public_html/yii.loc/protected/controllers/UploadsController.php (100)
in /home/evg/public_html/yii.loc/index.php (13)
2015/02/04 03:03:52 [error] [php] Undefined offset: 0 (/home/evg/public_html/yii.loc/protected/controllers/UploadsController.php:100)
Stack trace:
#0 /home/evg/public_html/yii.loc/framework/web/filters/CFilterChain.php(133): UploadsController->runAction()
#1 /home/evg/public_html/yii.loc/framework/web/filters/CFilter.php(40): CFilterChain->run()
#2 /home/evg/public_html/yii.loc/framework/web/CController.php(1145): CAccessControlFilter->filter()
#3 /home/evg/public_html/yii.loc/framework/web/filters/CInlineFilter.php(58): UploadsController->filterAccessControl()
#4 /home/evg/public_html/yii.loc/framework/web/filters/CFilterChain.php(130): CInlineFilter->filter()
#5 /home/evg/public_html/yii.loc/framework/web/CController.php(291): CFilterChain->run()
#6 /home/evg/public_html/yii.loc/framework/web/CController.php(265): UploadsController->runActionWithFilters()
#7 /home/evg/public_html/yii.loc/framework/web/CWebApplication.php(282): UploadsController->run()
#8 /home/evg/public_html/yii.loc/framework/web/CWebApplication.php(141): CWebApplication->runController()
#9 /home/evg/public_html/yii.loc/framework/base/CApplication.php(180): CWebApplication->processRequest()
#10 /home/evg/public_html/yii.loc/index.php(13): CWebApplication->run()
REQUEST_URI=/index.php/uploads/FileProcesing/f0/Onlinetrade/f1/DiscountFoto
in /home/evg/public_html/yii.loc/protected/controllers/UploadsController.php (100)
in /home/evg/public_html/yii.loc/index.php (13)
2015/02/04 03:03:53 [error] [php] Undefined offset: 0 (/home/evg/public_html/yii.loc/protected/controllers/UploadsController.php:100)
Stack trace:
#0 /home/evg/public_html/yii.loc/framework/web/filters/CFilterChain.php(133): UploadsController->runAction()
#1 /home/evg/public_html/yii.loc/framework/web/filters/CFilter.php(40): CFilterChain->run()
#2 /home/evg/public_html/yii.loc/framework/web/CController.php(1145): CAccessControlFilter->filter()
#3 /home/evg/public_html/yii.loc/framework/web/filters/CInlineFilter.php(58): UploadsController->filterAccessControl()
#4 /home/evg/public_html/yii.loc/framework/web/filters/CFilterChain.php(130): CInlineFilter->filter()
#5 /home/evg/public_html/yii.loc/framework/web/CController.php(291): CFilterChain->run()
#6 /home/evg/public_html/yii.loc/framework/web/CController.php(265): UploadsController->runActionWithFilters()
#7 /home/evg/public_html/yii.loc/framework/web/CWebApplication.php(282): UploadsController->run()
#8 /home/evg/public_html/yii.loc/framework/web/CWebApplication.php(141): CWebApplication->runController()
#9 /home/evg/public_html/yii.loc/framework/base/CApplication.php(180): CWebApplication->processRequest()
#10 /home/evg/public_html/yii.loc/index.php(13): CWebApplication->run()
REQUEST_URI=/index.php/uploads/FileProcesing/f0/Onlinetrade/f1/DiscountFoto
in /home/evg/public_html/yii.loc/protected/controllers/UploadsController.php (100)
in /home/evg/public_html/yii.loc/index.php (13)
2015/02/04 03:03:54 [error] [php] Undefined offset: 0 (/home/evg/public_html/yii.loc/protected/controllers/UploadsController.php:100)
Stack trace:
#0 /home/evg/public_html/yii.loc/framework/web/filters/CFilterChain.php(133): UploadsController->runAction()
#1 /home/evg/public_html/yii.loc/framework/web/filters/CFilter.php(40): CFilterChain->run()
#2 /home/evg/public_html/yii.loc/framework/web/CController.php(1145): CAccessControlFilter->filter()
#3 /home/evg/public_html/yii.loc/framework/web/filters/CInlineFilter.php(58): UploadsController->filterAccessControl()
#4 /home/evg/public_html/yii.loc/framework/web/filters/CFilterChain.php(130): CInlineFilter->filter()
#5 /home/evg/public_html/yii.loc/framework/web/CController.php(291): CFilterChain->run()
#6 /home/evg/public_html/yii.loc/framework/web/CController.php(265): UploadsController->runActionWithFilters()
#7 /home/evg/public_html/yii.loc/framework/web/CWebApplication.php(282): UploadsController->run()
#8 /home/evg/public_html/yii.loc/framework/web/CWebApplication.php(141): CWebApplication->runController()
#9 /home/evg/public_html/yii.loc/framework/base/CApplication.php(180): CWebApplication->processRequest()
#10 /home/evg/public_html/yii.loc/index.php(13): CWebApplication->run()
REQUEST_URI=/index.php/uploads/FileProcesing/f0/Onlinetrade/f1/DiscountFoto
in /home/evg/public_html/yii.loc/protected/controllers/UploadsController.php (100)
in /home/evg/public_html/yii.loc/index.php (13)
2015/02/04 03:03:55 [error] [php] Undefined offset: 0 (/home/evg/public_html/yii.loc/protected/controllers/UploadsController.php:100)
Stack trace:
#0 /home/evg/public_html/yii.loc/framework/web/filters/CFilterChain.php(133): UploadsController->runAction()
#1 /home/evg/public_html/yii.loc/framework/web/filters/CFilter.php(40): CFilterChain->run()
#2 /home/evg/public_html/yii.loc/framework/web/CController.php(1145): CAccessControlFilter->filter()
#3 /home/evg/public_html/yii.loc/framework/web/filters/CInlineFilter.php(58): UploadsController->filterAccessControl()
#4 /home/evg/public_html/yii.loc/framework/web/filters/CFilterChain.php(130): CInlineFilter->filter()
#5 /home/evg/public_html/yii.loc/framework/web/CController.php(291): CFilterChain->run()
#6 /home/evg/public_html/yii.loc/framework/web/CController.php(265): UploadsController->runActionWithFilters()
#7 /home/evg/public_html/yii.loc/framework/web/CWebApplication.php(282): UploadsController->run()
#8 /home/evg/public_html/yii.loc/framework/web/CWebApplication.php(141): CWebApplication->runController()
#9 /home/evg/public_html/yii.loc/framework/base/CApplication.php(180): CWebApplication->processRequest()
#10 /home/evg/public_html/yii.loc/index.php(13): CWebApplication->run()
REQUEST_URI=/index.php/uploads/FileProcesing/f0/Onlinetrade/f1/DiscountFoto
in /home/evg/public_html/yii.loc/protected/controllers/UploadsController.php (100)
in /home/evg/public_html/yii.loc/index.php (13)
2015/02/04 03:03:56 [error] [php] Undefined offset: 0 (/home/evg/public_html/yii.loc/protected/controllers/UploadsController.php:100)
Stack trace:
#0 /home/evg/public_html/yii.loc/framework/web/filters/CFilterChain.php(133): UploadsController->runAction()
#1 /home/evg/public_html/yii.loc/framework/web/filters/CFilter.php(40): CFilterChain->run()
#2 /home/evg/public_html/yii.loc/framework/web/CController.php(1145): CAccessControlFilter->filter()
#3 /home/evg/public_html/yii.loc/framework/web/filters/CInlineFilter.php(58): UploadsController->filterAccessControl()
#4 /home/evg/public_html/yii.loc/framework/web/filters/CFilterChain.php(130): CInlineFilter->filter()
#5 /home/evg/public_html/yii.loc/framework/web/CController.php(291): CFilterChain->run()
#6 /home/evg/public_html/yii.loc/framework/web/CController.php(265): UploadsController->runActionWithFilters()
#7 /home/evg/public_html/yii.loc/framework/web/CWebApplication.php(282): UploadsController->run()
#8 /home/evg/public_html/yii.loc/framework/web/CWebApplication.php(141): CWebApplication->runController()
#9 /home/evg/public_html/yii.loc/framework/base/CApplication.php(180): CWebApplication->processRequest()
#10 /home/evg/public_html/yii.loc/index.php(13): CWebApplication->run()
REQUEST_URI=/index.php/uploads/FileProcesing/f0/Onlinetrade/f1/DiscountFoto
in /home/evg/public_html/yii.loc/protected/controllers/UploadsController.php (100)
in /home/evg/public_html/yii.loc/index.php (13)
2015/02/04 03:05:45 [error] [php] Undefined offset: 0 (/home/evg/public_html/yii.loc/protected/controllers/UploadsController.php:100)
Stack trace:
#0 /home/evg/public_html/yii.loc/framework/web/filters/CFilterChain.php(133): UploadsController->runAction()
#1 /home/evg/public_html/yii.loc/framework/web/filters/CFilter.php(40): CFilterChain->run()
#2 /home/evg/public_html/yii.loc/framework/web/CController.php(1145): CAccessControlFilter->filter()
#3 /home/evg/public_html/yii.loc/framework/web/filters/CInlineFilter.php(58): UploadsController->filterAccessControl()
#4 /home/evg/public_html/yii.loc/framework/web/filters/CFilterChain.php(130): CInlineFilter->filter()
#5 /home/evg/public_html/yii.loc/framework/web/CController.php(291): CFilterChain->run()
#6 /home/evg/public_html/yii.loc/framework/web/CController.php(265): UploadsController->runActionWithFilters()
#7 /home/evg/public_html/yii.loc/framework/web/CWebApplication.php(282): UploadsController->run()
#8 /home/evg/public_html/yii.loc/framework/web/CWebApplication.php(141): CWebApplication->runController()
#9 /home/evg/public_html/yii.loc/framework/base/CApplication.php(180): CWebApplication->processRequest()
#10 /home/evg/public_html/yii.loc/index.php(13): CWebApplication->run()
REQUEST_URI=/index.php/uploads/FileProcesing/f0/Onlinetrade/f1/DiscountFoto
in /home/evg/public_html/yii.loc/protected/controllers/UploadsController.php (100)
in /home/evg/public_html/yii.loc/index.php (13)
2015/02/04 03:05:53 [error] [php] Undefined offset: 0 (/home/evg/public_html/yii.loc/protected/controllers/UploadsController.php:100)
Stack trace:
#0 /home/evg/public_html/yii.loc/framework/web/filters/CFilterChain.php(133): UploadsController->runAction()
#1 /home/evg/public_html/yii.loc/framework/web/filters/CFilter.php(40): CFilterChain->run()
#2 /home/evg/public_html/yii.loc/framework/web/CController.php(1145): CAccessControlFilter->filter()
#3 /home/evg/public_html/yii.loc/framework/web/filters/CInlineFilter.php(58): UploadsController->filterAccessControl()
#4 /home/evg/public_html/yii.loc/framework/web/filters/CFilterChain.php(130): CInlineFilter->filter()
#5 /home/evg/public_html/yii.loc/framework/web/CController.php(291): CFilterChain->run()
#6 /home/evg/public_html/yii.loc/framework/web/CController.php(265): UploadsController->runActionWithFilters()
#7 /home/evg/public_html/yii.loc/framework/web/CWebApplication.php(282): UploadsController->run()
#8 /home/evg/public_html/yii.loc/framework/web/CWebApplication.php(141): CWebApplication->runController()
#9 /home/evg/public_html/yii.loc/framework/base/CApplication.php(180): CWebApplication->processRequest()
#10 /home/evg/public_html/yii.loc/index.php(13): CWebApplication->run()
REQUEST_URI=/index.php/uploads/FileProcesing/f0/Onlinetrade/f1/DiscountFoto
in /home/evg/public_html/yii.loc/protected/controllers/UploadsController.php (100)
in /home/evg/public_html/yii.loc/index.php (13)
2015/02/04 03:05:53 [error] [php] Undefined offset: 0 (/home/evg/public_html/yii.loc/protected/controllers/UploadsController.php:100)
Stack trace:
#0 /home/evg/public_html/yii.loc/framework/web/filters/CFilterChain.php(133): UploadsController->runAction()
#1 /home/evg/public_html/yii.loc/framework/web/filters/CFilter.php(40): CFilterChain->run()
#2 /home/evg/public_html/yii.loc/framework/web/CController.php(1145): CAccessControlFilter->filter()
#3 /home/evg/public_html/yii.loc/framework/web/filters/CInlineFilter.php(58): UploadsController->filterAccessControl()
#4 /home/evg/public_html/yii.loc/framework/web/filters/CFilterChain.php(130): CInlineFilter->filter()
#5 /home/evg/public_html/yii.loc/framework/web/CController.php(291): CFilterChain->run()
#6 /home/evg/public_html/yii.loc/framework/web/CController.php(265): UploadsController->runActionWithFilters()
#7 /home/evg/public_html/yii.loc/framework/web/CWebApplication.php(282): UploadsController->run()
#8 /home/evg/public_html/yii.loc/framework/web/CWebApplication.php(141): CWebApplication->runController()
#9 /home/evg/public_html/yii.loc/framework/base/CApplication.php(180): CWebApplication->processRequest()
#10 /home/evg/public_html/yii.loc/index.php(13): CWebApplication->run()
REQUEST_URI=/index.php/uploads/FileProcesing/f0/Onlinetrade/f1/DiscountFoto
in /home/evg/public_html/yii.loc/protected/controllers/UploadsController.php (100)
in /home/evg/public_html/yii.loc/index.php (13)
2015/02/04 03:05:54 [error] [php] Undefined offset: 0 (/home/evg/public_html/yii.loc/protected/controllers/UploadsController.php:100)
Stack trace:
#0 /home/evg/public_html/yii.loc/framework/web/filters/CFilterChain.php(133): UploadsController->runAction()
#1 /home/evg/public_html/yii.loc/framework/web/filters/CFilter.php(40): CFilterChain->run()
#2 /home/evg/public_html/yii.loc/framework/web/CController.php(1145): CAccessControlFilter->filter()
#3 /home/evg/public_html/yii.loc/framework/web/filters/CInlineFilter.php(58): UploadsController->filterAccessControl()
#4 /home/evg/public_html/yii.loc/framework/web/filters/CFilterChain.php(130): CInlineFilter->filter()
#5 /home/evg/public_html/yii.loc/framework/web/CController.php(291): CFilterChain->run()
#6 /home/evg/public_html/yii.loc/framework/web/CController.php(265): UploadsController->runActionWithFilters()
#7 /home/evg/public_html/yii.loc/framework/web/CWebApplication.php(282): UploadsController->run()
#8 /home/evg/public_html/yii.loc/framework/web/CWebApplication.php(141): CWebApplication->runController()
#9 /home/evg/public_html/yii.loc/framework/base/CApplication.php(180): CWebApplication->processRequest()
#10 /home/evg/public_html/yii.loc/index.php(13): CWebApplication->run()
REQUEST_URI=/index.php/uploads/FileProcesing/f0/Onlinetrade/f1/DiscountFoto
in /home/evg/public_html/yii.loc/protected/controllers/UploadsController.php (100)
in /home/evg/public_html/yii.loc/index.php (13)
2015/02/04 03:05:54 [error] [php] Undefined offset: 0 (/home/evg/public_html/yii.loc/protected/controllers/UploadsController.php:100)
Stack trace:
#0 /home/evg/public_html/yii.loc/framework/web/filters/CFilterChain.php(133): UploadsController->runAction()
#1 /home/evg/public_html/yii.loc/framework/web/filters/CFilter.php(40): CFilterChain->run()
#2 /home/evg/public_html/yii.loc/framework/web/CController.php(1145): CAccessControlFilter->filter()
#3 /home/evg/public_html/yii.loc/framework/web/filters/CInlineFilter.php(58): UploadsController->filterAccessControl()
#4 /home/evg/public_html/yii.loc/framework/web/filters/CFilterChain.php(130): CInlineFilter->filter()
#5 /home/evg/public_html/yii.loc/framework/web/CController.php(291): CFilterChain->run()
#6 /home/evg/public_html/yii.loc/framework/web/CController.php(265): UploadsController->runActionWithFilters()
#7 /home/evg/public_html/yii.loc/framework/web/CWebApplication.php(282): UploadsController->run()
#8 /home/evg/public_html/yii.loc/framework/web/CWebApplication.php(141): CWebApplication->runController()
#9 /home/evg/public_html/yii.loc/framework/base/CApplication.php(180): CWebApplication->processRequest()
#10 /home/evg/public_html/yii.loc/index.php(13): CWebApplication->run()
REQUEST_URI=/index.php/uploads/FileProcesing/f0/Onlinetrade/f1/DiscountFoto
in /home/evg/public_html/yii.loc/protected/controllers/UploadsController.php (100)
in /home/evg/public_html/yii.loc/index.php (13)
2015/02/04 03:05:54 [error] [php] Undefined offset: 0 (/home/evg/public_html/yii.loc/protected/controllers/UploadsController.php:100)
Stack trace:
#0 /home/evg/public_html/yii.loc/framework/web/filters/CFilterChain.php(133): UploadsController->runAction()
#1 /home/evg/public_html/yii.loc/framework/web/filters/CFilter.php(40): CFilterChain->run()
#2 /home/evg/public_html/yii.loc/framework/web/CController.php(1145): CAccessControlFilter->filter()
#3 /home/evg/public_html/yii.loc/framework/web/filters/CInlineFilter.php(58): UploadsController->filterAccessControl()
#4 /home/evg/public_html/yii.loc/framework/web/filters/CFilterChain.php(130): CInlineFilter->filter()
#5 /home/evg/public_html/yii.loc/framework/web/CController.php(291): CFilterChain->run()
#6 /home/evg/public_html/yii.loc/framework/web/CController.php(265): UploadsController->runActionWithFilters()
#7 /home/evg/public_html/yii.loc/framework/web/CWebApplication.php(282): UploadsController->run()
#8 /home/evg/public_html/yii.loc/framework/web/CWebApplication.php(141): CWebApplication->runController()
#9 /home/evg/public_html/yii.loc/framework/base/CApplication.php(180): CWebApplication->processRequest()
#10 /home/evg/public_html/yii.loc/index.php(13): CWebApplication->run()
REQUEST_URI=/index.php/uploads/FileProcesing/f0/Onlinetrade/f1/DiscountFoto
in /home/evg/public_html/yii.loc/protected/controllers/UploadsController.php (100)
in /home/evg/public_html/yii.loc/index.php (13)
2015/02/04 03:05:55 [error] [php] Undefined offset: 0 (/home/evg/public_html/yii.loc/protected/controllers/UploadsController.php:100)
Stack trace:
#0 /home/evg/public_html/yii.loc/framework/web/filters/CFilterChain.php(133): UploadsController->runAction()
#1 /home/evg/public_html/yii.loc/framework/web/filters/CFilter.php(40): CFilterChain->run()
#2 /home/evg/public_html/yii.loc/framework/web/CController.php(1145): CAccessControlFilter->filter()
#3 /home/evg/public_html/yii.loc/framework/web/filters/CInlineFilter.php(58): UploadsController->filterAccessControl()
#4 /home/evg/public_html/yii.loc/framework/web/filters/CFilterChain.php(130): CInlineFilter->filter()
#5 /home/evg/public_html/yii.loc/framework/web/CController.php(291): CFilterChain->run()
#6 /home/evg/public_html/yii.loc/framework/web/CController.php(265): UploadsController->runActionWithFilters()
#7 /home/evg/public_html/yii.loc/framework/web/CWebApplication.php(282): UploadsController->run()
#8 /home/evg/public_html/yii.loc/framework/web/CWebApplication.php(141): CWebApplication->runController()
#9 /home/evg/public_html/yii.loc/framework/base/CApplication.php(180): CWebApplication->processRequest()
#10 /home/evg/public_html/yii.loc/index.php(13): CWebApplication->run()
REQUEST_URI=/index.php/uploads/FileProcesing/f0/Onlinetrade/f1/DiscountFoto
in /home/evg/public_html/yii.loc/protected/controllers/UploadsController.php (100)
in /home/evg/public_html/yii.loc/index.php (13)
2015/02/04 03:05:55 [error] [php] Undefined offset: 0 (/home/evg/public_html/yii.loc/protected/controllers/UploadsController.php:100)
Stack trace:
#0 /home/evg/public_html/yii.loc/framework/web/filters/CFilterChain.php(133): UploadsController->runAction()
#1 /home/evg/public_html/yii.loc/framework/web/filters/CFilter.php(40): CFilterChain->run()
#2 /home/evg/public_html/yii.loc/framework/web/CController.php(1145): CAccessControlFilter->filter()
#3 /home/evg/public_html/yii.loc/framework/web/filters/CInlineFilter.php(58): UploadsController->filterAccessControl()
#4 /home/evg/public_html/yii.loc/framework/web/filters/CFilterChain.php(130): CInlineFilter->filter()
#5 /home/evg/public_html/yii.loc/framework/web/CController.php(291): CFilterChain->run()
#6 /home/evg/public_html/yii.loc/framework/web/CController.php(265): UploadsController->runActionWithFilters()
#7 /home/evg/public_html/yii.loc/framework/web/CWebApplication.php(282): UploadsController->run()
#8 /home/evg/public_html/yii.loc/framework/web/CWebApplication.php(141): CWebApplication->runController()
#9 /home/evg/public_html/yii.loc/framework/base/CApplication.php(180): CWebApplication->processRequest()
#10 /home/evg/public_html/yii.loc/index.php(13): CWebApplication->run()
REQUEST_URI=/index.php/uploads/FileProcesing/f0/Onlinetrade/f1/DiscountFoto
in /home/evg/public_html/yii.loc/protected/controllers/UploadsController.php (100)
in /home/evg/public_html/yii.loc/index.php (13)
2015/02/04 03:05:55 [error] [php] Undefined offset: 0 (/home/evg/public_html/yii.loc/protected/controllers/UploadsController.php:100)
Stack trace:
#0 /home/evg/public_html/yii.loc/framework/web/filters/CFilterChain.php(133): UploadsController->runAction()
#1 /home/evg/public_html/yii.loc/framework/web/filters/CFilter.php(40): CFilterChain->run()
#2 /home/evg/public_html/yii.loc/framework/web/CController.php(1145): CAccessControlFilter->filter()
#3 /home/evg/public_html/yii.loc/framework/web/filters/CInlineFilter.php(58): UploadsController->filterAccessControl()
#4 /home/evg/public_html/yii.loc/framework/web/filters/CFilterChain.php(130): CInlineFilter->filter()
#5 /home/evg/public_html/yii.loc/framework/web/CController.php(291): CFilterChain->run()
#6 /home/evg/public_html/yii.loc/framework/web/CController.php(265): UploadsController->runActionWithFilters()
#7 /home/evg/public_html/yii.loc/framework/web/CWebApplication.php(282): UploadsController->run()
#8 /home/evg/public_html/yii.loc/framework/web/CWebApplication.php(141): CWebApplication->runController()
#9 /home/evg/public_html/yii.loc/framework/base/CApplication.php(180): CWebApplication->processRequest()
#10 /home/evg/public_html/yii.loc/index.php(13): CWebApplication->run()
REQUEST_URI=/index.php/uploads/FileProcesing/f0/Onlinetrade/f1/DiscountFoto
in /home/evg/public_html/yii.loc/protected/controllers/UploadsController.php (100)
in /home/evg/public_html/yii.loc/index.php (13)
2015/02/04 03:05:56 [error] [php] Undefined offset: 0 (/home/evg/public_html/yii.loc/protected/controllers/UploadsController.php:100)
Stack trace:
#0 /home/evg/public_html/yii.loc/framework/web/filters/CFilterChain.php(133): UploadsController->runAction()
#1 /home/evg/public_html/yii.loc/framework/web/filters/CFilter.php(40): CFilterChain->run()
#2 /home/evg/public_html/yii.loc/framework/web/CController.php(1145): CAccessControlFilter->filter()
#3 /home/evg/public_html/yii.loc/framework/web/filters/CInlineFilter.php(58): UploadsController->filterAccessControl()
#4 /home/evg/public_html/yii.loc/framework/web/filters/CFilterChain.php(130): CInlineFilter->filter()
#5 /home/evg/public_html/yii.loc/framework/web/CController.php(291): CFilterChain->run()
#6 /home/evg/public_html/yii.loc/framework/web/CController.php(265): UploadsController->runActionWithFilters()
#7 /home/evg/public_html/yii.loc/framework/web/CWebApplication.php(282): UploadsController->run()
#8 /home/evg/public_html/yii.loc/framework/web/CWebApplication.php(141): CWebApplication->runController()
#9 /home/evg/public_html/yii.loc/framework/base/CApplication.php(180): CWebApplication->processRequest()
#10 /home/evg/public_html/yii.loc/index.php(13): CWebApplication->run()
REQUEST_URI=/index.php/uploads/FileProcesing/f0/Onlinetrade/f1/DiscountFoto
in /home/evg/public_html/yii.loc/protected/controllers/UploadsController.php (100)
in /home/evg/public_html/yii.loc/index.php (13)
2015/02/04 03:05:56 [error] [php] Undefined offset: 0 (/home/evg/public_html/yii.loc/protected/controllers/UploadsController.php:100)
Stack trace:
#0 /home/evg/public_html/yii.loc/framework/web/filters/CFilterChain.php(133): UploadsController->runAction()
#1 /home/evg/public_html/yii.loc/framework/web/filters/CFilter.php(40): CFilterChain->run()
#2 /home/evg/public_html/yii.loc/framework/web/CController.php(1145): CAccessControlFilter->filter()
#3 /home/evg/public_html/yii.loc/framework/web/filters/CInlineFilter.php(58): UploadsController->filterAccessControl()
#4 /home/evg/public_html/yii.loc/framework/web/filters/CFilterChain.php(130): CInlineFilter->filter()
#5 /home/evg/public_html/yii.loc/framework/web/CController.php(291): CFilterChain->run()
#6 /home/evg/public_html/yii.loc/framework/web/CController.php(265): UploadsController->runActionWithFilters()
#7 /home/evg/public_html/yii.loc/framework/web/CWebApplication.php(282): UploadsController->run()
#8 /home/evg/public_html/yii.loc/framework/web/CWebApplication.php(141): CWebApplication->runController()
#9 /home/evg/public_html/yii.loc/framework/base/CApplication.php(180): CWebApplication->processRequest()
#10 /home/evg/public_html/yii.loc/index.php(13): CWebApplication->run()
REQUEST_URI=/index.php/uploads/FileProcesing/f0/Onlinetrade/f1/DiscountFoto
in /home/evg/public_html/yii.loc/protected/controllers/UploadsController.php (100)
in /home/evg/public_html/yii.loc/index.php (13)
2015/02/04 03:05:56 [error] [php] Undefined offset: 0 (/home/evg/public_html/yii.loc/protected/controllers/UploadsController.php:100)
Stack trace:
#0 /home/evg/public_html/yii.loc/framework/web/filters/CFilterChain.php(133): UploadsController->runAction()
#1 /home/evg/public_html/yii.loc/framework/web/filters/CFilter.php(40): CFilterChain->run()
#2 /home/evg/public_html/yii.loc/framework/web/CController.php(1145): CAccessControlFilter->filter()
#3 /home/evg/public_html/yii.loc/framework/web/filters/CInlineFilter.php(58): UploadsController->filterAccessControl()
#4 /home/evg/public_html/yii.loc/framework/web/filters/CFilterChain.php(130): CInlineFilter->filter()
#5 /home/evg/public_html/yii.loc/framework/web/CController.php(291): CFilterChain->run()
#6 /home/evg/public_html/yii.loc/framework/web/CController.php(265): UploadsController->runActionWithFilters()
#7 /home/evg/public_html/yii.loc/framework/web/CWebApplication.php(282): UploadsController->run()
#8 /home/evg/public_html/yii.loc/framework/web/CWebApplication.php(141): CWebApplication->runController()
#9 /home/evg/public_html/yii.loc/framework/base/CApplication.php(180): CWebApplication->processRequest()
#10 /home/evg/public_html/yii.loc/index.php(13): CWebApplication->run()
REQUEST_URI=/index.php/uploads/FileProcesing/f0/Onlinetrade/f1/DiscountFoto
in /home/evg/public_html/yii.loc/protected/controllers/UploadsController.php (100)
in /home/evg/public_html/yii.loc/index.php (13)
2015/02/04 03:05:56 [error] [php] Undefined offset: 0 (/home/evg/public_html/yii.loc/protected/controllers/UploadsController.php:100)
Stack trace:
#0 /home/evg/public_html/yii.loc/framework/web/filters/CFilterChain.php(133): UploadsController->runAction()
#1 /home/evg/public_html/yii.loc/framework/web/filters/CFilter.php(40): CFilterChain->run()
#2 /home/evg/public_html/yii.loc/framework/web/CController.php(1145): CAccessControlFilter->filter()
#3 /home/evg/public_html/yii.loc/framework/web/filters/CInlineFilter.php(58): UploadsController->filterAccessControl()
#4 /home/evg/public_html/yii.loc/framework/web/filters/CFilterChain.php(130): CInlineFilter->filter()
#5 /home/evg/public_html/yii.loc/framework/web/CController.php(291): CFilterChain->run()
#6 /home/evg/public_html/yii.loc/framework/web/CController.php(265): UploadsController->runActionWithFilters()
#7 /home/evg/public_html/yii.loc/framework/web/CWebApplication.php(282): UploadsController->run()
#8 /home/evg/public_html/yii.loc/framework/web/CWebApplication.php(141): CWebApplication->runController()
#9 /home/evg/public_html/yii.loc/framework/base/CApplication.php(180): CWebApplication->processRequest()
#10 /home/evg/public_html/yii.loc/index.php(13): CWebApplication->run()
REQUEST_URI=/index.php/uploads/FileProcesing/f0/Onlinetrade/f1/DiscountFoto
in /home/evg/public_html/yii.loc/protected/controllers/UploadsController.php (100)
in /home/evg/public_html/yii.loc/index.php (13)
2015/02/04 03:05:57 [error] [php] Undefined offset: 0 (/home/evg/public_html/yii.loc/protected/controllers/UploadsController.php:100)
Stack trace:
#0 /home/evg/public_html/yii.loc/framework/web/filters/CFilterChain.php(133): UploadsController->runAction()
#1 /home/evg/public_html/yii.loc/framework/web/filters/CFilter.php(40): CFilterChain->run()
#2 /home/evg/public_html/yii.loc/framework/web/CController.php(1145): CAccessControlFilter->filter()
#3 /home/evg/public_html/yii.loc/framework/web/filters/CInlineFilter.php(58): UploadsController->filterAccessControl()
#4 /home/evg/public_html/yii.loc/framework/web/filters/CFilterChain.php(130): CInlineFilter->filter()
#5 /home/evg/public_html/yii.loc/framework/web/CController.php(291): CFilterChain->run()
#6 /home/evg/public_html/yii.loc/framework/web/CController.php(265): UploadsController->runActionWithFilters()
#7 /home/evg/public_html/yii.loc/framework/web/CWebApplication.php(282): UploadsController->run()
#8 /home/evg/public_html/yii.loc/framework/web/CWebApplication.php(141): CWebApplication->runController()
#9 /home/evg/public_html/yii.loc/framework/base/CApplication.php(180): CWebApplication->processRequest()
#10 /home/evg/public_html/yii.loc/index.php(13): CWebApplication->run()
REQUEST_URI=/index.php/uploads/FileProcesing/f0/Onlinetrade/f1/DiscountFoto
in /home/evg/public_html/yii.loc/protected/controllers/UploadsController.php (100)
in /home/evg/public_html/yii.loc/index.php (13)
2015/02/04 03:05:57 [error] [php] Undefined offset: 0 (/home/evg/public_html/yii.loc/protected/controllers/UploadsController.php:100)
Stack trace:
#0 /home/evg/public_html/yii.loc/framework/web/filters/CFilterChain.php(133): UploadsController->runAction()
#1 /home/evg/public_html/yii.loc/framework/web/filters/CFilter.php(40): CFilterChain->run()
#2 /home/evg/public_html/yii.loc/framework/web/CController.php(1145): CAccessControlFilter->filter()
#3 /home/evg/public_html/yii.loc/framework/web/filters/CInlineFilter.php(58): UploadsController->filterAccessControl()
#4 /home/evg/public_html/yii.loc/framework/web/filters/CFilterChain.php(130): CInlineFilter->filter()
#5 /home/evg/public_html/yii.loc/framework/web/CController.php(291): CFilterChain->run()
#6 /home/evg/public_html/yii.loc/framework/web/CController.php(265): UploadsController->runActionWithFilters()
#7 /home/evg/public_html/yii.loc/framework/web/CWebApplication.php(282): UploadsController->run()
#8 /home/evg/public_html/yii.loc/framework/web/CWebApplication.php(141): CWebApplication->runController()
#9 /home/evg/public_html/yii.loc/framework/base/CApplication.php(180): CWebApplication->processRequest()
#10 /home/evg/public_html/yii.loc/index.php(13): CWebApplication->run()
REQUEST_URI=/index.php/uploads/FileProcesing/f0/Onlinetrade/f1/DiscountFoto
in /home/evg/public_html/yii.loc/protected/controllers/UploadsController.php (100)
in /home/evg/public_html/yii.loc/index.php (13)
2015/02/04 03:05:57 [error] [php] Undefined offset: 0 (/home/evg/public_html/yii.loc/protected/controllers/UploadsController.php:100)
Stack trace:
#0 /home/evg/public_html/yii.loc/framework/web/filters/CFilterChain.php(133): UploadsController->runAction()
#1 /home/evg/public_html/yii.loc/framework/web/filters/CFilter.php(40): CFilterChain->run()
#2 /home/evg/public_html/yii.loc/framework/web/CController.php(1145): CAccessControlFilter->filter()
#3 /home/evg/public_html/yii.loc/framework/web/filters/CInlineFilter.php(58): UploadsController->filterAccessControl()
#4 /home/evg/public_html/yii.loc/framework/web/filters/CFilterChain.php(130): CInlineFilter->filter()
#5 /home/evg/public_html/yii.loc/framework/web/CController.php(291): CFilterChain->run()
#6 /home/evg/public_html/yii.loc/framework/web/CController.php(265): UploadsController->runActionWithFilters()
#7 /home/evg/public_html/yii.loc/framework/web/CWebApplication.php(282): UploadsController->run()
#8 /home/evg/public_html/yii.loc/framework/web/CWebApplication.php(141): CWebApplication->runController()
#9 /home/evg/public_html/yii.loc/framework/base/CApplication.php(180): CWebApplication->processRequest()
#10 /home/evg/public_html/yii.loc/index.php(13): CWebApplication->run()
REQUEST_URI=/index.php/uploads/FileProcesing/f0/Onlinetrade/f1/DiscountFoto
in /home/evg/public_html/yii.loc/protected/controllers/UploadsController.php (100)
in /home/evg/public_html/yii.loc/index.php (13)
2015/02/04 03:05:58 [error] [php] Undefined offset: 0 (/home/evg/public_html/yii.loc/protected/controllers/UploadsController.php:100)
Stack trace:
#0 /home/evg/public_html/yii.loc/framework/web/filters/CFilterChain.php(133): UploadsController->runAction()
#1 /home/evg/public_html/yii.loc/framework/web/filters/CFilter.php(40): CFilterChain->run()
#2 /home/evg/public_html/yii.loc/framework/web/CController.php(1145): CAccessControlFilter->filter()
#3 /home/evg/public_html/yii.loc/framework/web/filters/CInlineFilter.php(58): UploadsController->filterAccessControl()
#4 /home/evg/public_html/yii.loc/framework/web/filters/CFilterChain.php(130): CInlineFilter->filter()
#5 /home/evg/public_html/yii.loc/framework/web/CController.php(291): CFilterChain->run()
#6 /home/evg/public_html/yii.loc/framework/web/CController.php(265): UploadsController->runActionWithFilters()
#7 /home/evg/public_html/yii.loc/framework/web/CWebApplication.php(282): UploadsController->run()
#8 /home/evg/public_html/yii.loc/framework/web/CWebApplication.php(141): CWebApplication->runController()
#9 /home/evg/public_html/yii.loc/framework/base/CApplication.php(180): CWebApplication->processRequest()
#10 /home/evg/public_html/yii.loc/index.php(13): CWebApplication->run()
REQUEST_URI=/index.php/uploads/FileProcesing/f0/Onlinetrade/f1/DiscountFoto
in /home/evg/public_html/yii.loc/protected/controllers/UploadsController.php (100)
in /home/evg/public_html/yii.loc/index.php (13)
2015/02/04 03:05:58 [error] [php] Undefined offset: 0 (/home/evg/public_html/yii.loc/protected/controllers/UploadsController.php:100)
Stack trace:
#0 /home/evg/public_html/yii.loc/framework/web/filters/CFilterChain.php(133): UploadsController->runAction()
#1 /home/evg/public_html/yii.loc/framework/web/filters/CFilter.php(40): CFilterChain->run()
#2 /home/evg/public_html/yii.loc/framework/web/CController.php(1145): CAccessControlFilter->filter()
#3 /home/evg/public_html/yii.loc/framework/web/filters/CInlineFilter.php(58): UploadsController->filterAccessControl()
#4 /home/evg/public_html/yii.loc/framework/web/filters/CFilterChain.php(130): CInlineFilter->filter()
#5 /home/evg/public_html/yii.loc/framework/web/CController.php(291): CFilterChain->run()
#6 /home/evg/public_html/yii.loc/framework/web/CController.php(265): UploadsController->runActionWithFilters()
#7 /home/evg/public_html/yii.loc/framework/web/CWebApplication.php(282): UploadsController->run()
#8 /home/evg/public_html/yii.loc/framework/web/CWebApplication.php(141): CWebApplication->runController()
#9 /home/evg/public_html/yii.loc/framework/base/CApplication.php(180): CWebApplication->processRequest()
#10 /home/evg/public_html/yii.loc/index.php(13): CWebApplication->run()
REQUEST_URI=/index.php/uploads/FileProcesing/f0/Onlinetrade/f1/DiscountFoto
in /home/evg/public_html/yii.loc/protected/controllers/UploadsController.php (100)
in /home/evg/public_html/yii.loc/index.php (13)
2015/02/04 03:05:58 [error] [php] Undefined offset: 0 (/home/evg/public_html/yii.loc/protected/controllers/UploadsController.php:100)
Stack trace:
#0 /home/evg/public_html/yii.loc/framework/web/filters/CFilterChain.php(133): UploadsController->runAction()
#1 /home/evg/public_html/yii.loc/framework/web/filters/CFilter.php(40): CFilterChain->run()
#2 /home/evg/public_html/yii.loc/framework/web/CController.php(1145): CAccessControlFilter->filter()
#3 /home/evg/public_html/yii.loc/framework/web/filters/CInlineFilter.php(58): UploadsController->filterAccessControl()
#4 /home/evg/public_html/yii.loc/framework/web/filters/CFilterChain.php(130): CInlineFilter->filter()
#5 /home/evg/public_html/yii.loc/framework/web/CController.php(291): CFilterChain->run()
#6 /home/evg/public_html/yii.loc/framework/web/CController.php(265): UploadsController->runActionWithFilters()
#7 /home/evg/public_html/yii.loc/framework/web/CWebApplication.php(282): UploadsController->run()
#8 /home/evg/public_html/yii.loc/framework/web/CWebApplication.php(141): CWebApplication->runController()
#9 /home/evg/public_html/yii.loc/framework/base/CApplication.php(180): CWebApplication->processRequest()
#10 /home/evg/public_html/yii.loc/index.php(13): CWebApplication->run()
REQUEST_URI=/index.php/uploads/FileProcesing/f0/Onlinetrade/f1/DiscountFoto
in /home/evg/public_html/yii.loc/protected/controllers/UploadsController.php (100)
in /home/evg/public_html/yii.loc/index.php (13)
2015/02/04 03:05:59 [error] [php] Undefined offset: 0 (/home/evg/public_html/yii.loc/protected/controllers/UploadsController.php:100)
Stack trace:
#0 /home/evg/public_html/yii.loc/framework/web/filters/CFilterChain.php(133): UploadsController->runAction()
#1 /home/evg/public_html/yii.loc/framework/web/filters/CFilter.php(40): CFilterChain->run()
#2 /home/evg/public_html/yii.loc/framework/web/CController.php(1145): CAccessControlFilter->filter()
#3 /home/evg/public_html/yii.loc/framework/web/filters/CInlineFilter.php(58): UploadsController->filterAccessControl()
#4 /home/evg/public_html/yii.loc/framework/web/filters/CFilterChain.php(130): CInlineFilter->filter()
#5 /home/evg/public_html/yii.loc/framework/web/CController.php(291): CFilterChain->run()
#6 /home/evg/public_html/yii.loc/framework/web/CController.php(265): UploadsController->runActionWithFilters()
#7 /home/evg/public_html/yii.loc/framework/web/CWebApplication.php(282): UploadsController->run()
#8 /home/evg/public_html/yii.loc/framework/web/CWebApplication.php(141): CWebApplication->runController()
#9 /home/evg/public_html/yii.loc/framework/base/CApplication.php(180): CWebApplication->processRequest()
#10 /home/evg/public_html/yii.loc/index.php(13): CWebApplication->run()
REQUEST_URI=/index.php/uploads/FileProcesing/f0/Onlinetrade/f1/DiscountFoto
in /home/evg/public_html/yii.loc/protected/controllers/UploadsController.php (100)
in /home/evg/public_html/yii.loc/index.php (13)
2015/02/04 03:05:59 [error] [php] Undefined offset: 0 (/home/evg/public_html/yii.loc/protected/controllers/UploadsController.php:100)
Stack trace:
#0 /home/evg/public_html/yii.loc/framework/web/filters/CFilterChain.php(133): UploadsController->runAction()
#1 /home/evg/public_html/yii.loc/framework/web/filters/CFilter.php(40): CFilterChain->run()
#2 /home/evg/public_html/yii.loc/framework/web/CController.php(1145): CAccessControlFilter->filter()
#3 /home/evg/public_html/yii.loc/framework/web/filters/CInlineFilter.php(58): UploadsController->filterAccessControl()
#4 /home/evg/public_html/yii.loc/framework/web/filters/CFilterChain.php(130): CInlineFilter->filter()
#5 /home/evg/public_html/yii.loc/framework/web/CController.php(291): CFilterChain->run()
#6 /home/evg/public_html/yii.loc/framework/web/CController.php(265): UploadsController->runActionWithFilters()
#7 /home/evg/public_html/yii.loc/framework/web/CWebApplication.php(282): UploadsController->run()
#8 /home/evg/public_html/yii.loc/framework/web/CWebApplication.php(141): CWebApplication->runController()
#9 /home/evg/public_html/yii.loc/framework/base/CApplication.php(180): CWebApplication->processRequest()
#10 /home/evg/public_html/yii.loc/index.php(13): CWebApplication->run()
REQUEST_URI=/index.php/uploads/FileProcesing/f0/Onlinetrade/f1/DiscountFoto
in /home/evg/public_html/yii.loc/protected/controllers/UploadsController.php (100)
in /home/evg/public_html/yii.loc/index.php (13)
2015/02/04 03:05:59 [error] [php] Undefined offset: 0 (/home/evg/public_html/yii.loc/protected/controllers/UploadsController.php:100)
Stack trace:
#0 /home/evg/public_html/yii.loc/framework/web/filters/CFilterChain.php(133): UploadsController->runAction()
#1 /home/evg/public_html/yii.loc/framework/web/filters/CFilter.php(40): CFilterChain->run()
#2 /home/evg/public_html/yii.loc/framework/web/CController.php(1145): CAccessControlFilter->filter()
#3 /home/evg/public_html/yii.loc/framework/web/filters/CInlineFilter.php(58): UploadsController->filterAccessControl()
#4 /home/evg/public_html/yii.loc/framework/web/filters/CFilterChain.php(130): CInlineFilter->filter()
#5 /home/evg/public_html/yii.loc/framework/web/CController.php(291): CFilterChain->run()
#6 /home/evg/public_html/yii.loc/framework/web/CController.php(265): UploadsController->runActionWithFilters()
#7 /home/evg/public_html/yii.loc/framework/web/CWebApplication.php(282): UploadsController->run()
#8 /home/evg/public_html/yii.loc/framework/web/CWebApplication.php(141): CWebApplication->runController()
#9 /home/evg/public_html/yii.loc/framework/base/CApplication.php(180): CWebApplication->processRequest()
#10 /home/evg/public_html/yii.loc/index.php(13): CWebApplication->run()
REQUEST_URI=/index.php/uploads/FileProcesing/f0/Onlinetrade/f1/DiscountFoto
in /home/evg/public_html/yii.loc/protected/controllers/UploadsController.php (100)
in /home/evg/public_html/yii.loc/index.php (13)
2015/02/04 03:06:00 [error] [php] Undefined offset: 0 (/home/evg/public_html/yii.loc/protected/controllers/UploadsController.php:100)
Stack trace:
#0 /home/evg/public_html/yii.loc/framework/web/filters/CFilterChain.php(133): UploadsController->runAction()
#1 /home/evg/public_html/yii.loc/framework/web/filters/CFilter.php(40): CFilterChain->run()
#2 /home/evg/public_html/yii.loc/framework/web/CController.php(1145): CAccessControlFilter->filter()
#3 /home/evg/public_html/yii.loc/framework/web/filters/CInlineFilter.php(58): UploadsController->filterAccessControl()
#4 /home/evg/public_html/yii.loc/framework/web/filters/CFilterChain.php(130): CInlineFilter->filter()
#5 /home/evg/public_html/yii.loc/framework/web/CController.php(291): CFilterChain->run()
#6 /home/evg/public_html/yii.loc/framework/web/CController.php(265): UploadsController->runActionWithFilters()
#7 /home/evg/public_html/yii.loc/framework/web/CWebApplication.php(282): UploadsController->run()
#8 /home/evg/public_html/yii.loc/framework/web/CWebApplication.php(141): CWebApplication->runController()
#9 /home/evg/public_html/yii.loc/framework/base/CApplication.php(180): CWebApplication->processRequest()
#10 /home/evg/public_html/yii.loc/index.php(13): CWebApplication->run()
REQUEST_URI=/index.php/uploads/FileProcesing/f0/Onlinetrade/f1/DiscountFoto
in /home/evg/public_html/yii.loc/protected/controllers/UploadsController.php (100)
in /home/evg/public_html/yii.loc/index.php (13)
2015/02/04 03:06:00 [error] [php] Undefined offset: 0 (/home/evg/public_html/yii.loc/protected/controllers/UploadsController.php:100)
Stack trace:
#0 /home/evg/public_html/yii.loc/framework/web/filters/CFilterChain.php(133): UploadsController->runAction()
#1 /home/evg/public_html/yii.loc/framework/web/filters/CFilter.php(40): CFilterChain->run()
#2 /home/evg/public_html/yii.loc/framework/web/CController.php(1145): CAccessControlFilter->filter()
#3 /home/evg/public_html/yii.loc/framework/web/filters/CInlineFilter.php(58): UploadsController->filterAccessControl()
#4 /home/evg/public_html/yii.loc/framework/web/filters/CFilterChain.php(130): CInlineFilter->filter()
#5 /home/evg/public_html/yii.loc/framework/web/CController.php(291): CFilterChain->run()
#6 /home/evg/public_html/yii.loc/framework/web/CController.php(265): UploadsController->runActionWithFilters()
#7 /home/evg/public_html/yii.loc/framework/web/CWebApplication.php(282): UploadsController->run()
#8 /home/evg/public_html/yii.loc/framework/web/CWebApplication.php(141): CWebApplication->runController()
#9 /home/evg/public_html/yii.loc/framework/base/CApplication.php(180): CWebApplication->processRequest()
#10 /home/evg/public_html/yii.loc/index.php(13): CWebApplication->run()
REQUEST_URI=/index.php/uploads/FileProcesing/f0/Onlinetrade/f1/DiscountFoto
in /home/evg/public_html/yii.loc/protected/controllers/UploadsController.php (100)
in /home/evg/public_html/yii.loc/index.php (13)
2015/02/04 03:06:00 [error] [php] Undefined offset: 0 (/home/evg/public_html/yii.loc/protected/controllers/UploadsController.php:100)
Stack trace:
#0 /home/evg/public_html/yii.loc/framework/web/filters/CFilterChain.php(133): UploadsController->runAction()
#1 /home/evg/public_html/yii.loc/framework/web/filters/CFilter.php(40): CFilterChain->run()
#2 /home/evg/public_html/yii.loc/framework/web/CController.php(1145): CAccessControlFilter->filter()
#3 /home/evg/public_html/yii.loc/framework/web/filters/CInlineFilter.php(58): UploadsController->filterAccessControl()
#4 /home/evg/public_html/yii.loc/framework/web/filters/CFilterChain.php(130): CInlineFilter->filter()
#5 /home/evg/public_html/yii.loc/framework/web/CController.php(291): CFilterChain->run()
#6 /home/evg/public_html/yii.loc/framework/web/CController.php(265): UploadsController->runActionWithFilters()
#7 /home/evg/public_html/yii.loc/framework/web/CWebApplication.php(282): UploadsController->run()
#8 /home/evg/public_html/yii.loc/framework/web/CWebApplication.php(141): CWebApplication->runController()
#9 /home/evg/public_html/yii.loc/framework/base/CApplication.php(180): CWebApplication->processRequest()
#10 /home/evg/public_html/yii.loc/index.php(13): CWebApplication->run()
REQUEST_URI=/index.php/uploads/FileProcesing/f0/Onlinetrade/f1/DiscountFoto
in /home/evg/public_html/yii.loc/protected/controllers/UploadsController.php (100)
in /home/evg/public_html/yii.loc/index.php (13)
2015/02/04 03:06:00 [error] [php] Undefined offset: 0 (/home/evg/public_html/yii.loc/protected/controllers/UploadsController.php:100)
Stack trace:
#0 /home/evg/public_html/yii.loc/framework/web/filters/CFilterChain.php(133): UploadsController->runAction()
#1 /home/evg/public_html/yii.loc/framework/web/filters/CFilter.php(40): CFilterChain->run()
#2 /home/evg/public_html/yii.loc/framework/web/CController.php(1145): CAccessControlFilter->filter()
#3 /home/evg/public_html/yii.loc/framework/web/filters/CInlineFilter.php(58): UploadsController->filterAccessControl()
#4 /home/evg/public_html/yii.loc/framework/web/filters/CFilterChain.php(130): CInlineFilter->filter()
#5 /home/evg/public_html/yii.loc/framework/web/CController.php(291): CFilterChain->run()
#6 /home/evg/public_html/yii.loc/framework/web/CController.php(265): UploadsController->runActionWithFilters()
#7 /home/evg/public_html/yii.loc/framework/web/CWebApplication.php(282): UploadsController->run()
#8 /home/evg/public_html/yii.loc/framework/web/CWebApplication.php(141): CWebApplication->runController()
#9 /home/evg/public_html/yii.loc/framework/base/CApplication.php(180): CWebApplication->processRequest()
#10 /home/evg/public_html/yii.loc/index.php(13): CWebApplication->run()
REQUEST_URI=/index.php/uploads/FileProcesing/f0/Onlinetrade/f1/DiscountFoto
in /home/evg/public_html/yii.loc/protected/controllers/UploadsController.php (100)
in /home/evg/public_html/yii.loc/index.php (13)
2015/02/04 03:06:01 [error] [php] Undefined offset: 0 (/home/evg/public_html/yii.loc/protected/controllers/UploadsController.php:100)
Stack trace:
#0 /home/evg/public_html/yii.loc/framework/web/filters/CFilterChain.php(133): UploadsController->runAction()
#1 /home/evg/public_html/yii.loc/framework/web/filters/CFilter.php(40): CFilterChain->run()
#2 /home/evg/public_html/yii.loc/framework/web/CController.php(1145): CAccessControlFilter->filter()
#3 /home/evg/public_html/yii.loc/framework/web/filters/CInlineFilter.php(58): UploadsController->filterAccessControl()
#4 /home/evg/public_html/yii.loc/framework/web/filters/CFilterChain.php(130): CInlineFilter->filter()
#5 /home/evg/public_html/yii.loc/framework/web/CController.php(291): CFilterChain->run()
#6 /home/evg/public_html/yii.loc/framework/web/CController.php(265): UploadsController->runActionWithFilters()
#7 /home/evg/public_html/yii.loc/framework/web/CWebApplication.php(282): UploadsController->run()
#8 /home/evg/public_html/yii.loc/framework/web/CWebApplication.php(141): CWebApplication->runController()
#9 /home/evg/public_html/yii.loc/framework/base/CApplication.php(180): CWebApplication->processRequest()
#10 /home/evg/public_html/yii.loc/index.php(13): CWebApplication->run()
REQUEST_URI=/index.php/uploads/FileProcesing/f0/Onlinetrade/f1/DiscountFoto
in /home/evg/public_html/yii.loc/protected/controllers/UploadsController.php (100)
in /home/evg/public_html/yii.loc/index.php (13)
2015/02/04 03:06:01 [error] [php] Undefined offset: 0 (/home/evg/public_html/yii.loc/protected/controllers/UploadsController.php:100)
Stack trace:
#0 /home/evg/public_html/yii.loc/framework/web/filters/CFilterChain.php(133): UploadsController->runAction()
#1 /home/evg/public_html/yii.loc/framework/web/filters/CFilter.php(40): CFilterChain->run()
#2 /home/evg/public_html/yii.loc/framework/web/CController.php(1145): CAccessControlFilter->filter()
#3 /home/evg/public_html/yii.loc/framework/web/filters/CInlineFilter.php(58): UploadsController->filterAccessControl()
#4 /home/evg/public_html/yii.loc/framework/web/filters/CFilterChain.php(130): CInlineFilter->filter()
#5 /home/evg/public_html/yii.loc/framework/web/CController.php(291): CFilterChain->run()
#6 /home/evg/public_html/yii.loc/framework/web/CController.php(265): UploadsController->runActionWithFilters()
#7 /home/evg/public_html/yii.loc/framework/web/CWebApplication.php(282): UploadsController->run()
#8 /home/evg/public_html/yii.loc/framework/web/CWebApplication.php(141): CWebApplication->runController()
#9 /home/evg/public_html/yii.loc/framework/base/CApplication.php(180): CWebApplication->processRequest()
#10 /home/evg/public_html/yii.loc/index.php(13): CWebApplication->run()
REQUEST_URI=/index.php/uploads/FileProcesing/f0/Onlinetrade/f1/DiscountFoto
in /home/evg/public_html/yii.loc/protected/controllers/UploadsController.php (100)
in /home/evg/public_html/yii.loc/index.php (13)
2015/02/04 03:06:01 [error] [php] Undefined offset: 0 (/home/evg/public_html/yii.loc/protected/controllers/UploadsController.php:100)
Stack trace:
#0 /home/evg/public_html/yii.loc/framework/web/filters/CFilterChain.php(133): UploadsController->runAction()
#1 /home/evg/public_html/yii.loc/framework/web/filters/CFilter.php(40): CFilterChain->run()
#2 /home/evg/public_html/yii.loc/framework/web/CController.php(1145): CAccessControlFilter->filter()
#3 /home/evg/public_html/yii.loc/framework/web/filters/CInlineFilter.php(58): UploadsController->filterAccessControl()
#4 /home/evg/public_html/yii.loc/framework/web/filters/CFilterChain.php(130): CInlineFilter->filter()
#5 /home/evg/public_html/yii.loc/framework/web/CController.php(291): CFilterChain->run()
#6 /home/evg/public_html/yii.loc/framework/web/CController.php(265): UploadsController->runActionWithFilters()
#7 /home/evg/public_html/yii.loc/framework/web/CWebApplication.php(282): UploadsController->run()
#8 /home/evg/public_html/yii.loc/framework/web/CWebApplication.php(141): CWebApplication->runController()
#9 /home/evg/public_html/yii.loc/framework/base/CApplication.php(180): CWebApplication->processRequest()
#10 /home/evg/public_html/yii.loc/index.php(13): CWebApplication->run()
REQUEST_URI=/index.php/uploads/FileProcesing/f0/Onlinetrade/f1/DiscountFoto
in /home/evg/public_html/yii.loc/protected/controllers/UploadsController.php (100)
in /home/evg/public_html/yii.loc/index.php (13)
2015/02/04 03:06:02 [error] [php] Undefined offset: 0 (/home/evg/public_html/yii.loc/protected/controllers/UploadsController.php:100)
Stack trace:
#0 /home/evg/public_html/yii.loc/framework/web/filters/CFilterChain.php(133): UploadsController->runAction()
#1 /home/evg/public_html/yii.loc/framework/web/filters/CFilter.php(40): CFilterChain->run()
#2 /home/evg/public_html/yii.loc/framework/web/CController.php(1145): CAccessControlFilter->filter()
#3 /home/evg/public_html/yii.loc/framework/web/filters/CInlineFilter.php(58): UploadsController->filterAccessControl()
#4 /home/evg/public_html/yii.loc/framework/web/filters/CFilterChain.php(130): CInlineFilter->filter()
#5 /home/evg/public_html/yii.loc/framework/web/CController.php(291): CFilterChain->run()
#6 /home/evg/public_html/yii.loc/framework/web/CController.php(265): UploadsController->runActionWithFilters()
#7 /home/evg/public_html/yii.loc/framework/web/CWebApplication.php(282): UploadsController->run()
#8 /home/evg/public_html/yii.loc/framework/web/CWebApplication.php(141): CWebApplication->runController()
#9 /home/evg/public_html/yii.loc/framework/base/CApplication.php(180): CWebApplication->processRequest()
#10 /home/evg/public_html/yii.loc/index.php(13): CWebApplication->run()
REQUEST_URI=/index.php/uploads/FileProcesing/f0/Onlinetrade/f1/DiscountFoto
in /home/evg/public_html/yii.loc/protected/controllers/UploadsController.php (100)
in /home/evg/public_html/yii.loc/index.php (13)
2015/02/04 03:06:02 [error] [php] Undefined offset: 0 (/home/evg/public_html/yii.loc/protected/controllers/UploadsController.php:100)
Stack trace:
#0 /home/evg/public_html/yii.loc/framework/web/filters/CFilterChain.php(133): UploadsController->runAction()
#1 /home/evg/public_html/yii.loc/framework/web/filters/CFilter.php(40): CFilterChain->run()
#2 /home/evg/public_html/yii.loc/framework/web/CController.php(1145): CAccessControlFilter->filter()
#3 /home/evg/public_html/yii.loc/framework/web/filters/CInlineFilter.php(58): UploadsController->filterAccessControl()
#4 /home/evg/public_html/yii.loc/framework/web/filters/CFilterChain.php(130): CInlineFilter->filter()
#5 /home/evg/public_html/yii.loc/framework/web/CController.php(291): CFilterChain->run()
#6 /home/evg/public_html/yii.loc/framework/web/CController.php(265): UploadsController->runActionWithFilters()
#7 /home/evg/public_html/yii.loc/framework/web/CWebApplication.php(282): UploadsController->run()
#8 /home/evg/public_html/yii.loc/framework/web/CWebApplication.php(141): CWebApplication->runController()
#9 /home/evg/public_html/yii.loc/framework/base/CApplication.php(180): CWebApplication->processRequest()
#10 /home/evg/public_html/yii.loc/index.php(13): CWebApplication->run()
REQUEST_URI=/index.php/uploads/FileProcesing/f0/Onlinetrade/f1/DiscountFoto
in /home/evg/public_html/yii.loc/protected/controllers/UploadsController.php (100)
in /home/evg/public_html/yii.loc/index.php (13)
2015/02/04 03:06:02 [error] [php] Undefined offset: 0 (/home/evg/public_html/yii.loc/protected/controllers/UploadsController.php:100)
Stack trace:
#0 /home/evg/public_html/yii.loc/framework/web/filters/CFilterChain.php(133): UploadsController->runAction()
#1 /home/evg/public_html/yii.loc/framework/web/filters/CFilter.php(40): CFilterChain->run()
#2 /home/evg/public_html/yii.loc/framework/web/CController.php(1145): CAccessControlFilter->filter()
#3 /home/evg/public_html/yii.loc/framework/web/filters/CInlineFilter.php(58): UploadsController->filterAccessControl()
#4 /home/evg/public_html/yii.loc/framework/web/filters/CFilterChain.php(130): CInlineFilter->filter()
#5 /home/evg/public_html/yii.loc/framework/web/CController.php(291): CFilterChain->run()
#6 /home/evg/public_html/yii.loc/framework/web/CController.php(265): UploadsController->runActionWithFilters()
#7 /home/evg/public_html/yii.loc/framework/web/CWebApplication.php(282): UploadsController->run()
#8 /home/evg/public_html/yii.loc/framework/web/CWebApplication.php(141): CWebApplication->runController()
#9 /home/evg/public_html/yii.loc/framework/base/CApplication.php(180): CWebApplication->processRequest()
#10 /home/evg/public_html/yii.loc/index.php(13): CWebApplication->run()
REQUEST_URI=/index.php/uploads/FileProcesing/f0/Onlinetrade/f1/DiscountFoto
in /home/evg/public_html/yii.loc/protected/controllers/UploadsController.php (100)
in /home/evg/public_html/yii.loc/index.php (13)
2015/02/04 03:06:03 [error] [php] Undefined offset: 0 (/home/evg/public_html/yii.loc/protected/controllers/UploadsController.php:100)
Stack trace:
#0 /home/evg/public_html/yii.loc/framework/web/filters/CFilterChain.php(133): UploadsController->runAction()
#1 /home/evg/public_html/yii.loc/framework/web/filters/CFilter.php(40): CFilterChain->run()
#2 /home/evg/public_html/yii.loc/framework/web/CController.php(1145): CAccessControlFilter->filter()
#3 /home/evg/public_html/yii.loc/framework/web/filters/CInlineFilter.php(58): UploadsController->filterAccessControl()
#4 /home/evg/public_html/yii.loc/framework/web/filters/CFilterChain.php(130): CInlineFilter->filter()
#5 /home/evg/public_html/yii.loc/framework/web/CController.php(291): CFilterChain->run()
#6 /home/evg/public_html/yii.loc/framework/web/CController.php(265): UploadsController->runActionWithFilters()
#7 /home/evg/public_html/yii.loc/framework/web/CWebApplication.php(282): UploadsController->run()
#8 /home/evg/public_html/yii.loc/framework/web/CWebApplication.php(141): CWebApplication->runController()
#9 /home/evg/public_html/yii.loc/framework/base/CApplication.php(180): CWebApplication->processRequest()
#10 /home/evg/public_html/yii.loc/index.php(13): CWebApplication->run()
REQUEST_URI=/index.php/uploads/FileProcesing/f0/Onlinetrade/f1/DiscountFoto
in /home/evg/public_html/yii.loc/protected/controllers/UploadsController.php (100)
in /home/evg/public_html/yii.loc/index.php (13)
2015/02/04 03:06:03 [error] [php] Undefined offset: 0 (/home/evg/public_html/yii.loc/protected/controllers/UploadsController.php:100)
Stack trace:
#0 /home/evg/public_html/yii.loc/framework/web/filters/CFilterChain.php(133): UploadsController->runAction()
#1 /home/evg/public_html/yii.loc/framework/web/filters/CFilter.php(40): CFilterChain->run()
#2 /home/evg/public_html/yii.loc/framework/web/CController.php(1145): CAccessControlFilter->filter()
#3 /home/evg/public_html/yii.loc/framework/web/filters/CInlineFilter.php(58): UploadsController->filterAccessControl()
#4 /home/evg/public_html/yii.loc/framework/web/filters/CFilterChain.php(130): CInlineFilter->filter()
#5 /home/evg/public_html/yii.loc/framework/web/CController.php(291): CFilterChain->run()
#6 /home/evg/public_html/yii.loc/framework/web/CController.php(265): UploadsController->runActionWithFilters()
#7 /home/evg/public_html/yii.loc/framework/web/CWebApplication.php(282): UploadsController->run()
#8 /home/evg/public_html/yii.loc/framework/web/CWebApplication.php(141): CWebApplication->runController()
#9 /home/evg/public_html/yii.loc/framework/base/CApplication.php(180): CWebApplication->processRequest()
#10 /home/evg/public_html/yii.loc/index.php(13): CWebApplication->run()
REQUEST_URI=/index.php/uploads/FileProcesing/f0/Onlinetrade/f1/DiscountFoto
in /home/evg/public_html/yii.loc/protected/controllers/UploadsController.php (100)
in /home/evg/public_html/yii.loc/index.php (13)
2015/02/04 03:06:03 [error] [php] Undefined offset: 0 (/home/evg/public_html/yii.loc/protected/controllers/UploadsController.php:100)
Stack trace:
#0 /home/evg/public_html/yii.loc/framework/web/filters/CFilterChain.php(133): UploadsController->runAction()
#1 /home/evg/public_html/yii.loc/framework/web/filters/CFilter.php(40): CFilterChain->run()
#2 /home/evg/public_html/yii.loc/framework/web/CController.php(1145): CAccessControlFilter->filter()
#3 /home/evg/public_html/yii.loc/framework/web/filters/CInlineFilter.php(58): UploadsController->filterAccessControl()
#4 /home/evg/public_html/yii.loc/framework/web/filters/CFilterChain.php(130): CInlineFilter->filter()
#5 /home/evg/public_html/yii.loc/framework/web/CController.php(291): CFilterChain->run()
#6 /home/evg/public_html/yii.loc/framework/web/CController.php(265): UploadsController->runActionWithFilters()
#7 /home/evg/public_html/yii.loc/framework/web/CWebApplication.php(282): UploadsController->run()
#8 /home/evg/public_html/yii.loc/framework/web/CWebApplication.php(141): CWebApplication->runController()
#9 /home/evg/public_html/yii.loc/framework/base/CApplication.php(180): CWebApplication->processRequest()
#10 /home/evg/public_html/yii.loc/index.php(13): CWebApplication->run()
REQUEST_URI=/index.php/uploads/FileProcesing/f0/Onlinetrade/f1/DiscountFoto
in /home/evg/public_html/yii.loc/protected/controllers/UploadsController.php (100)
in /home/evg/public_html/yii.loc/index.php (13)
2015/02/04 03:06:04 [error] [php] Undefined offset: 0 (/home/evg/public_html/yii.loc/protected/controllers/UploadsController.php:100)
Stack trace:
#0 /home/evg/public_html/yii.loc/framework/web/filters/CFilterChain.php(133): UploadsController->runAction()
#1 /home/evg/public_html/yii.loc/framework/web/filters/CFilter.php(40): CFilterChain->run()
#2 /home/evg/public_html/yii.loc/framework/web/CController.php(1145): CAccessControlFilter->filter()
#3 /home/evg/public_html/yii.loc/framework/web/filters/CInlineFilter.php(58): UploadsController->filterAccessControl()
#4 /home/evg/public_html/yii.loc/framework/web/filters/CFilterChain.php(130): CInlineFilter->filter()
#5 /home/evg/public_html/yii.loc/framework/web/CController.php(291): CFilterChain->run()
#6 /home/evg/public_html/yii.loc/framework/web/CController.php(265): UploadsController->runActionWithFilters()
#7 /home/evg/public_html/yii.loc/framework/web/CWebApplication.php(282): UploadsController->run()
#8 /home/evg/public_html/yii.loc/framework/web/CWebApplication.php(141): CWebApplication->runController()
#9 /home/evg/public_html/yii.loc/framework/base/CApplication.php(180): CWebApplication->processRequest()
#10 /home/evg/public_html/yii.loc/index.php(13): CWebApplication->run()
REQUEST_URI=/index.php/uploads/FileProcesing/f0/Onlinetrade/f1/DiscountFoto
in /home/evg/public_html/yii.loc/protected/controllers/UploadsController.php (100)
in /home/evg/public_html/yii.loc/index.php (13)
2015/02/04 03:06:04 [error] [php] Undefined offset: 0 (/home/evg/public_html/yii.loc/protected/controllers/UploadsController.php:100)
Stack trace:
#0 /home/evg/public_html/yii.loc/framework/web/filters/CFilterChain.php(133): UploadsController->runAction()
#1 /home/evg/public_html/yii.loc/framework/web/filters/CFilter.php(40): CFilterChain->run()
#2 /home/evg/public_html/yii.loc/framework/web/CController.php(1145): CAccessControlFilter->filter()
#3 /home/evg/public_html/yii.loc/framework/web/filters/CInlineFilter.php(58): UploadsController->filterAccessControl()
#4 /home/evg/public_html/yii.loc/framework/web/filters/CFilterChain.php(130): CInlineFilter->filter()
#5 /home/evg/public_html/yii.loc/framework/web/CController.php(291): CFilterChain->run()
#6 /home/evg/public_html/yii.loc/framework/web/CController.php(265): UploadsController->runActionWithFilters()
#7 /home/evg/public_html/yii.loc/framework/web/CWebApplication.php(282): UploadsController->run()
#8 /home/evg/public_html/yii.loc/framework/web/CWebApplication.php(141): CWebApplication->runController()
#9 /home/evg/public_html/yii.loc/framework/base/CApplication.php(180): CWebApplication->processRequest()
#10 /home/evg/public_html/yii.loc/index.php(13): CWebApplication->run()
REQUEST_URI=/index.php/uploads/FileProcesing/f0/Onlinetrade/f1/DiscountFoto
in /home/evg/public_html/yii.loc/protected/controllers/UploadsController.php (100)
in /home/evg/public_html/yii.loc/index.php (13)
2015/02/04 03:06:04 [error] [php] Undefined offset: 0 (/home/evg/public_html/yii.loc/protected/controllers/UploadsController.php:100)
Stack trace:
#0 /home/evg/public_html/yii.loc/framework/web/filters/CFilterChain.php(133): UploadsController->runAction()
#1 /home/evg/public_html/yii.loc/framework/web/filters/CFilter.php(40): CFilterChain->run()
#2 /home/evg/public_html/yii.loc/framework/web/CController.php(1145): CAccessControlFilter->filter()
#3 /home/evg/public_html/yii.loc/framework/web/filters/CInlineFilter.php(58): UploadsController->filterAccessControl()
#4 /home/evg/public_html/yii.loc/framework/web/filters/CFilterChain.php(130): CInlineFilter->filter()
#5 /home/evg/public_html/yii.loc/framework/web/CController.php(291): CFilterChain->run()
#6 /home/evg/public_html/yii.loc/framework/web/CController.php(265): UploadsController->runActionWithFilters()
#7 /home/evg/public_html/yii.loc/framework/web/CWebApplication.php(282): UploadsController->run()
#8 /home/evg/public_html/yii.loc/framework/web/CWebApplication.php(141): CWebApplication->runController()
#9 /home/evg/public_html/yii.loc/framework/base/CApplication.php(180): CWebApplication->processRequest()
#10 /home/evg/public_html/yii.loc/index.php(13): CWebApplication->run()
REQUEST_URI=/index.php/uploads/FileProcesing/f0/Onlinetrade/f1/DiscountFoto
in /home/evg/public_html/yii.loc/protected/controllers/UploadsController.php (100)
in /home/evg/public_html/yii.loc/index.php (13)
2015/02/04 03:06:05 [error] [php] Undefined offset: 0 (/home/evg/public_html/yii.loc/protected/controllers/UploadsController.php:100)
Stack trace:
#0 /home/evg/public_html/yii.loc/framework/web/filters/CFilterChain.php(133): UploadsController->runAction()
#1 /home/evg/public_html/yii.loc/framework/web/filters/CFilter.php(40): CFilterChain->run()
#2 /home/evg/public_html/yii.loc/framework/web/CController.php(1145): CAccessControlFilter->filter()
#3 /home/evg/public_html/yii.loc/framework/web/filters/CInlineFilter.php(58): UploadsController->filterAccessControl()
#4 /home/evg/public_html/yii.loc/framework/web/filters/CFilterChain.php(130): CInlineFilter->filter()
#5 /home/evg/public_html/yii.loc/framework/web/CController.php(291): CFilterChain->run()
#6 /home/evg/public_html/yii.loc/framework/web/CController.php(265): UploadsController->runActionWithFilters()
#7 /home/evg/public_html/yii.loc/framework/web/CWebApplication.php(282): UploadsController->run()
#8 /home/evg/public_html/yii.loc/framework/web/CWebApplication.php(141): CWebApplication->runController()
#9 /home/evg/public_html/yii.loc/framework/base/CApplication.php(180): CWebApplication->processRequest()
#10 /home/evg/public_html/yii.loc/index.php(13): CWebApplication->run()
REQUEST_URI=/index.php/uploads/FileProcesing/f0/Onlinetrade/f1/DiscountFoto
in /home/evg/public_html/yii.loc/protected/controllers/UploadsController.php (100)
in /home/evg/public_html/yii.loc/index.php (13)
2015/02/04 03:06:05 [error] [php] Undefined offset: 0 (/home/evg/public_html/yii.loc/protected/controllers/UploadsController.php:100)
Stack trace:
#0 /home/evg/public_html/yii.loc/framework/web/filters/CFilterChain.php(133): UploadsController->runAction()
#1 /home/evg/public_html/yii.loc/framework/web/filters/CFilter.php(40): CFilterChain->run()
#2 /home/evg/public_html/yii.loc/framework/web/CController.php(1145): CAccessControlFilter->filter()
#3 /home/evg/public_html/yii.loc/framework/web/filters/CInlineFilter.php(58): UploadsController->filterAccessControl()
#4 /home/evg/public_html/yii.loc/framework/web/filters/CFilterChain.php(130): CInlineFilter->filter()
#5 /home/evg/public_html/yii.loc/framework/web/CController.php(291): CFilterChain->run()
#6 /home/evg/public_html/yii.loc/framework/web/CController.php(265): UploadsController->runActionWithFilters()
#7 /home/evg/public_html/yii.loc/framework/web/CWebApplication.php(282): UploadsController->run()
#8 /home/evg/public_html/yii.loc/framework/web/CWebApplication.php(141): CWebApplication->runController()
#9 /home/evg/public_html/yii.loc/framework/base/CApplication.php(180): CWebApplication->processRequest()
#10 /home/evg/public_html/yii.loc/index.php(13): CWebApplication->run()
REQUEST_URI=/index.php/uploads/FileProcesing/f0/Onlinetrade/f1/DiscountFoto
in /home/evg/public_html/yii.loc/protected/controllers/UploadsController.php (100)
in /home/evg/public_html/yii.loc/index.php (13)
2015/02/04 03:06:05 [error] [php] Undefined offset: 0 (/home/evg/public_html/yii.loc/protected/controllers/UploadsController.php:100)
Stack trace:
#0 /home/evg/public_html/yii.loc/framework/web/filters/CFilterChain.php(133): UploadsController->runAction()
#1 /home/evg/public_html/yii.loc/framework/web/filters/CFilter.php(40): CFilterChain->run()
#2 /home/evg/public_html/yii.loc/framework/web/CController.php(1145): CAccessControlFilter->filter()
#3 /home/evg/public_html/yii.loc/framework/web/filters/CInlineFilter.php(58): UploadsController->filterAccessControl()
#4 /home/evg/public_html/yii.loc/framework/web/filters/CFilterChain.php(130): CInlineFilter->filter()
#5 /home/evg/public_html/yii.loc/framework/web/CController.php(291): CFilterChain->run()
#6 /home/evg/public_html/yii.loc/framework/web/CController.php(265): UploadsController->runActionWithFilters()
#7 /home/evg/public_html/yii.loc/framework/web/CWebApplication.php(282): UploadsController->run()
#8 /home/evg/public_html/yii.loc/framework/web/CWebApplication.php(141): CWebApplication->runController()
#9 /home/evg/public_html/yii.loc/framework/base/CApplication.php(180): CWebApplication->processRequest()
#10 /home/evg/public_html/yii.loc/index.php(13): CWebApplication->run()
REQUEST_URI=/index.php/uploads/FileProcesing/f0/Onlinetrade/f1/DiscountFoto
in /home/evg/public_html/yii.loc/protected/controllers/UploadsController.php (100)
in /home/evg/public_html/yii.loc/index.php (13)
2015/02/04 03:06:06 [error] [php] Undefined offset: 0 (/home/evg/public_html/yii.loc/protected/controllers/UploadsController.php:100)
Stack trace:
#0 /home/evg/public_html/yii.loc/framework/web/filters/CFilterChain.php(133): UploadsController->runAction()
#1 /home/evg/public_html/yii.loc/framework/web/filters/CFilter.php(40): CFilterChain->run()
#2 /home/evg/public_html/yii.loc/framework/web/CController.php(1145): CAccessControlFilter->filter()
#3 /home/evg/public_html/yii.loc/framework/web/filters/CInlineFilter.php(58): UploadsController->filterAccessControl()
#4 /home/evg/public_html/yii.loc/framework/web/filters/CFilterChain.php(130): CInlineFilter->filter()
#5 /home/evg/public_html/yii.loc/framework/web/CController.php(291): CFilterChain->run()
#6 /home/evg/public_html/yii.loc/framework/web/CController.php(265): UploadsController->runActionWithFilters()
#7 /home/evg/public_html/yii.loc/framework/web/CWebApplication.php(282): UploadsController->run()
#8 /home/evg/public_html/yii.loc/framework/web/CWebApplication.php(141): CWebApplication->runController()
#9 /home/evg/public_html/yii.loc/framework/base/CApplication.php(180): CWebApplication->processRequest()
#10 /home/evg/public_html/yii.loc/index.php(13): CWebApplication->run()
REQUEST_URI=/index.php/uploads/FileProcesing/f0/Onlinetrade/f1/DiscountFoto
in /home/evg/public_html/yii.loc/protected/controllers/UploadsController.php (100)
in /home/evg/public_html/yii.loc/index.php (13)
2015/02/04 03:06:06 [error] [php] Undefined offset: 0 (/home/evg/public_html/yii.loc/protected/controllers/UploadsController.php:100)
Stack trace:
#0 /home/evg/public_html/yii.loc/framework/web/filters/CFilterChain.php(133): UploadsController->runAction()
#1 /home/evg/public_html/yii.loc/framework/web/filters/CFilter.php(40): CFilterChain->run()
#2 /home/evg/public_html/yii.loc/framework/web/CController.php(1145): CAccessControlFilter->filter()
#3 /home/evg/public_html/yii.loc/framework/web/filters/CInlineFilter.php(58): UploadsController->filterAccessControl()
#4 /home/evg/public_html/yii.loc/framework/web/filters/CFilterChain.php(130): CInlineFilter->filter()
#5 /home/evg/public_html/yii.loc/framework/web/CController.php(291): CFilterChain->run()
#6 /home/evg/public_html/yii.loc/framework/web/CController.php(265): UploadsController->runActionWithFilters()
#7 /home/evg/public_html/yii.loc/framework/web/CWebApplication.php(282): UploadsController->run()
#8 /home/evg/public_html/yii.loc/framework/web/CWebApplication.php(141): CWebApplication->runController()
#9 /home/evg/public_html/yii.loc/framework/base/CApplication.php(180): CWebApplication->processRequest()
#10 /home/evg/public_html/yii.loc/index.php(13): CWebApplication->run()
REQUEST_URI=/index.php/uploads/FileProcesing/f0/Onlinetrade/f1/DiscountFoto
in /home/evg/public_html/yii.loc/protected/controllers/UploadsController.php (100)
in /home/evg/public_html/yii.loc/index.php (13)
